u:\manwin\my documents\gpus\comcuda_2022-master\x64\debug\vc142.idb
u:\manwin\my documents\gpus\comcuda_2022-master\x64\debug\openmp.obj
u:\manwin\my documents\gpus\comcuda_2022-master\x64\debug\helper.obj
u:\manwin\my documents\gpus\comcuda_2022-master\x64\debug\cpu.obj
u:\manwin\my documents\gpus\comcuda_2022-master\x64\debug\vc142.pdb
x64\debug\cuda.cu.obj
x64\debug\main.cu.obj
u:\manwin\my documents\gpus\comcuda_2022-master\x64\debug\mosaic.exe
u:\manwin\my documents\gpus\comcuda_2022-master\x64\debug\mosaic.ilk
u:\manwin\my documents\gpus\comcuda_2022-master\x64\debug\mosaic.pdb
u:\manwin\my documents\gpus\comcuda_2022-master\x64\debug\mosaic.lib
u:\manwin\my documents\gpus\comcuda_2022-master\x64\debug\mosaic.exp
u:\manwin\my documents\gpus\comcuda_2022-master\x64\debug\cuda.cu.cache
u:\manwin\my documents\gpus\comcuda_2022-master\x64\debug\main.cu.cache
u:\manwin\my documents\gpus\comcuda_2022-master\x64\debug\cuda.cu.obj
u:\manwin\my documents\gpus\comcuda_2022-master\x64\debug\main.cu.obj
u:\manwin\my documents\gpus\comcuda_2022-master\x64\debug\mosaic.tlog\cl.command.1.tlog
u:\manwin\my documents\gpus\comcuda_2022-master\x64\debug\mosaic.tlog\cl.read.1.tlog
u:\manwin\my documents\gpus\comcuda_2022-master\x64\debug\mosaic.tlog\cl.write.1.tlog
u:\manwin\my documents\gpus\comcuda_2022-master\x64\debug\mosaic.tlog\cudacompile.read.1u.tlog
u:\manwin\my documents\gpus\comcuda_2022-master\x64\debug\mosaic.tlog\cudacompile.write.1u.tlog
u:\manwin\my documents\gpus\comcuda_2022-master\x64\debug\mosaic.tlog\link.command.1.tlog
u:\manwin\my documents\gpus\comcuda_2022-master\x64\debug\mosaic.tlog\link.read.1.tlog
u:\manwin\my documents\gpus\comcuda_2022-master\x64\debug\mosaic.tlog\link.write.1.tlog
u:\manwin\my documents\gpus\comcuda_2022-master\x64\debug\mosaic.tlog\mosaic.write.1u.tlog
